

Microchip Technology PIC LITE Macro Assembler V2.00 build -1524193055 
                                                                                               Mon Jul 23 16:39:40 2018

Microchip Technology Omniscient Code Generator v2.00 (Free mode) build 20180527130849
     1  0000                     
      + 0000                     
     2                           ; Version 2.00
     3                           ; Generated 27/05/2018 GMT
     4                           
     5                           ; 
     6                           ; Copyright © 2018, Microchip Technology Inc. and its subsidiaries ("Microchip")
     7                           ; All rights reserved.
     8                           ; 
     9                           ; This software is developed by Microchip Technology Inc. and its subsidiaries ("Microch
                                 ip").
    10                           ; 
    11                           ; Redistribution and use in source and binary forms, with or without modification, are
    12                           ; permitted provided that the following conditions are met:
    13                           ; 
    14                           ;     1. Redistributions of source code must retain the above copyright notice, this lis
                                 t of
    15                           ;        conditions and the following disclaimer.
    16                           ; 
    17                           ;     2. Redistributions in binary form must reproduce the above copyright notice, this 
                                 list
    18                           ;        of conditions and the following disclaimer in the documentation and/or other
    19                           ;        materials provided with the distribution.
    20                           ; 
    21                           ;     3. Microchip's name may not be used to endorse or promote products derived from th
                                 is
    22                           ;        software without specific prior written permission.
    23                           ; 
    24                           ; THIS SOFTWARE IS PROVIDED BY MICROCHIP "AS IS" AND ANY EXPRESS OR IMPLIED WARRANTIES,

    25                           ; INCLUDING, BUT NOT LIMITED TO, THE IMPLIED WARRANTIES OF MERCHANTABILITY AND FITNESS F
                                 OR
    26                           ; PURPOSE ARE DISCLAIMED.  IN NO EVENT SHALL MICROCHIP BE LIABLE FOR ANY DIRECT, INDIREC
                                 T,
    27                           ; INCIDENTAL, SPECIAL, EXEMPLARY, OR CONSEQUENTIAL DAMAGES (INCLUDING BUT NOT LIMITED TO
                                 
    28                           ; PROCUREMENT OF SUBSTITUTE GOODS OR SERVICES; LOSS OF USE, DATA OR PROFITS; OR BUSINESS
                                 
    29                           ; INTERRUPTION) HOWSOEVER CAUSED AND ON ANY THEORY OF LIABILITY, WHETHER IN CONTRACT, ST
                                 RICT
    30                           ; LIABILITY, OR TORT (INCLUDING NEGLIGENCE OR OTHERWISE) ARISING IN ANY WAY OUT OF THE U
                                 SE OF
    31                           ; THIS SOFTWARE, EVEN IF ADVISED OF THE POSSIBILITY OF SUCH DAMAGE.
    32                           ; 
    33                           
    34                           
    35                           ; 
    36                           ; Code-generator required, PIC16F877A Definitions
    37                           ; 
    38  0004                     fsr0 equ 04h
    39  0004                     indf equ 00h
    40  0000                     indf0 equ 00h
    41  0000                     pc equ 02h
    42  0002                     pcl equ 02h
    43  0002                     pclath equ 0Ah
    44  000A                     status equ 03h
    45  0003                     
     2                           opt pagewidth 120
     3  0000                     byte0	macro	val
     4                           	(getbyte(val,0))
     5                           endm
     6  0000                     byte1	macro	val
     7                           	(getbyte(val,1))
     8                           endm
     9  0000                     byte2	macro	val
    10                           	(getbyte(val,2))
    11                           endm
    12  0000                     byte3	macro	val
    13                           	(getbyte(val,3))
    14                           endm
    15  0000                     byte4	macro	val
    16                           	(getbyte(val,4))
    17                           endm
    18  0000                     byte5	macro	val
    19                           	(getbyte(val,5))
    20                           endm
    21  0000                     byte6	macro	val
    22                           	(getbyte(val,6))
    23                           endm
    24  0000                     byte7	macro	val
    25                           	(getbyte(val,7))
    26                           endm
    27  0000                     getword	macro	val,pos
    28                           	(((val) >> (8 * pos)) and 0xffff)
    29                           endm
    30  0000                     word0	macro	val
    31                           	(getword(val,0))
    32                           endm
    33  0000                     word1	macro	val
    34                           	(getword(val,2))
    35                           endm
    36  0000                     word2	macro	val
    37                           	(getword(val,4))
    38                           endm
    39  0000                     word3	macro	val
    40                           	(getword(val,6))
    41                           endm
    42  0000                     gettword	macro	val,pos
    43                           	(((val) >> (8 * pos)) and 0xffffff)
    44                           endm
    45  0000                     tword0	macro	val
    46                           	(gettword(val,0))
    47                           endm
    48  0000                     tword1	macro	val
    49                           	(gettword(val,3))
    50                           endm
    51  0000                     tword2	macro	val
    52                           	(gettword(val,6))
    53                           endm
    54  0000                     getdword	macro	val,pos
    55                           	(((val) >> (8 * pos)) and 0xffffffff)
    56                           endm
    57  0000                     dword0	macro	val
    58                           	(getdword(val,0))
    59                           endm
    60  0000                     dword1	macro	val
    61                           	(getdword(val,4))
    62                           endm
    63  0000                     clrc	macro
    64                           	bcf	3,0
    65                           	endm
    66  0000                     clrz	macro
    67                           	bcf	3,2
    68                           	endm
    69  0000                     setc	macro
    70                           	bsf	3,0
    71                           	endm
    72  0000                     setz	macro
    73                           	bsf	3,2
    74                           	endm
    75  0000                     skipc	macro
    76                           	btfss	3,0
    77                           	endm
    78  0000                     skipz	macro
    79                           	btfss	3,2
    80                           	endm
    81  0000                     skipnc	macro
    82                           	btfsc	3,0
    83                           	endm
    84  0000                     skipnz	macro
    85                           	btfsc	3,2
    86                           	endm
    87  0000                     # 54 "C:\Program Files (x86)\Microchip\xc8\v2.00\pic\include\pic16f877a.h"
    88                           INDF equ 00h ;# 
    89  0000                     # 61 "C:\Program Files (x86)\Microchip\xc8\v2.00\pic\include\pic16f877a.h"
    90                           TMR0 equ 01h ;# 
    91  0001                     # 68 "C:\Program Files (x86)\Microchip\xc8\v2.00\pic\include\pic16f877a.h"
    92                           PCL equ 02h ;# 
    93  0002                     # 75 "C:\Program Files (x86)\Microchip\xc8\v2.00\pic\include\pic16f877a.h"
    94                           STATUS equ 03h ;# 
    95  0003                     # 161 "C:\Program Files (x86)\Microchip\xc8\v2.00\pic\include\pic16f877a.h"
    96                           FSR equ 04h ;# 
    97  0004                     # 168 "C:\Program Files (x86)\Microchip\xc8\v2.00\pic\include\pic16f877a.h"
    98                           PORTA equ 05h ;# 
    99  0005                     # 218 "C:\Program Files (x86)\Microchip\xc8\v2.00\pic\include\pic16f877a.h"
   100                           PORTB equ 06h ;# 
   101  0006                     # 280 "C:\Program Files (x86)\Microchip\xc8\v2.00\pic\include\pic16f877a.h"
   102                           PORTC equ 07h ;# 
   103  0007                     # 342 "C:\Program Files (x86)\Microchip\xc8\v2.00\pic\include\pic16f877a.h"
   104                           PORTD equ 08h ;# 
   105  0008                     # 404 "C:\Program Files (x86)\Microchip\xc8\v2.00\pic\include\pic16f877a.h"
   106                           PORTE equ 09h ;# 
   107  0009                     # 436 "C:\Program Files (x86)\Microchip\xc8\v2.00\pic\include\pic16f877a.h"
   108                           PCLATH equ 0Ah ;# 
   109  000A                     # 456 "C:\Program Files (x86)\Microchip\xc8\v2.00\pic\include\pic16f877a.h"
   110                           INTCON equ 0Bh ;# 
   111  000B                     # 534 "C:\Program Files (x86)\Microchip\xc8\v2.00\pic\include\pic16f877a.h"
   112                           PIR1 equ 0Ch ;# 
   113  000C                     # 596 "C:\Program Files (x86)\Microchip\xc8\v2.00\pic\include\pic16f877a.h"
   114                           PIR2 equ 0Dh ;# 
   115  000D                     # 636 "C:\Program Files (x86)\Microchip\xc8\v2.00\pic\include\pic16f877a.h"
   116                           TMR1 equ 0Eh ;# 
   117  000E                     # 643 "C:\Program Files (x86)\Microchip\xc8\v2.00\pic\include\pic16f877a.h"
   118                           TMR1L equ 0Eh ;# 
   119  000E                     # 650 "C:\Program Files (x86)\Microchip\xc8\v2.00\pic\include\pic16f877a.h"
   120                           TMR1H equ 0Fh ;# 
   121  000F                     # 657 "C:\Program Files (x86)\Microchip\xc8\v2.00\pic\include\pic16f877a.h"
   122                           T1CON equ 010h ;# 
   123  0010                     # 732 "C:\Program Files (x86)\Microchip\xc8\v2.00\pic\include\pic16f877a.h"
   124                           TMR2 equ 011h ;# 
   125  0011                     # 739 "C:\Program Files (x86)\Microchip\xc8\v2.00\pic\include\pic16f877a.h"
   126                           T2CON equ 012h ;# 
   127  0012                     # 810 "C:\Program Files (x86)\Microchip\xc8\v2.00\pic\include\pic16f877a.h"
   128                           SSPBUF equ 013h ;# 
   129  0013                     # 817 "C:\Program Files (x86)\Microchip\xc8\v2.00\pic\include\pic16f877a.h"
   130                           SSPCON equ 014h ;# 
   131  0014                     # 887 "C:\Program Files (x86)\Microchip\xc8\v2.00\pic\include\pic16f877a.h"
   132                           CCPR1 equ 015h ;# 
   133  0015                     # 894 "C:\Program Files (x86)\Microchip\xc8\v2.00\pic\include\pic16f877a.h"
   134                           CCPR1L equ 015h ;# 
   135  0015                     # 901 "C:\Program Files (x86)\Microchip\xc8\v2.00\pic\include\pic16f877a.h"
   136                           CCPR1H equ 016h ;# 
   137  0016                     # 908 "C:\Program Files (x86)\Microchip\xc8\v2.00\pic\include\pic16f877a.h"
   138                           CCP1CON equ 017h ;# 
   139  0017                     # 966 "C:\Program Files (x86)\Microchip\xc8\v2.00\pic\include\pic16f877a.h"
   140                           RCSTA equ 018h ;# 
   141  0018                     # 1061 "C:\Program Files (x86)\Microchip\xc8\v2.00\pic\include\pic16f877a.h"
   142                           TXREG equ 019h ;# 
   143  0019                     # 1068 "C:\Program Files (x86)\Microchip\xc8\v2.00\pic\include\pic16f877a.h"
   144                           RCREG equ 01Ah ;# 
   145  001A                     # 1075 "C:\Program Files (x86)\Microchip\xc8\v2.00\pic\include\pic16f877a.h"
   146                           CCPR2 equ 01Bh ;# 
   147  001B                     # 1082 "C:\Program Files (x86)\Microchip\xc8\v2.00\pic\include\pic16f877a.h"
   148                           CCPR2L equ 01Bh ;# 
   149  001B                     # 1089 "C:\Program Files (x86)\Microchip\xc8\v2.00\pic\include\pic16f877a.h"
   150                           CCPR2H equ 01Ch ;# 
   151  001C                     # 1096 "C:\Program Files (x86)\Microchip\xc8\v2.00\pic\include\pic16f877a.h"
   152                           CCP2CON equ 01Dh ;# 
   153  001D                     # 1154 "C:\Program Files (x86)\Microchip\xc8\v2.00\pic\include\pic16f877a.h"
   154                           ADRESH equ 01Eh ;# 
   155  001E                     # 1161 "C:\Program Files (x86)\Microchip\xc8\v2.00\pic\include\pic16f877a.h"
   156                           ADCON0 equ 01Fh ;# 
   157  001F                     # 1257 "C:\Program Files (x86)\Microchip\xc8\v2.00\pic\include\pic16f877a.h"
   158                           OPTION_REG equ 081h ;# 
   159  0081                     # 1327 "C:\Program Files (x86)\Microchip\xc8\v2.00\pic\include\pic16f877a.h"
   160                           TRISA equ 085h ;# 
   161  0085                     # 1377 "C:\Program Files (x86)\Microchip\xc8\v2.00\pic\include\pic16f877a.h"
   162                           TRISB equ 086h ;# 
   163  0086                     # 1439 "C:\Program Files (x86)\Microchip\xc8\v2.00\pic\include\pic16f877a.h"
   164                           TRISC equ 087h ;# 
   165  0087                     # 1501 "C:\Program Files (x86)\Microchip\xc8\v2.00\pic\include\pic16f877a.h"
   166                           TRISD equ 088h ;# 
   167  0088                     # 1563 "C:\Program Files (x86)\Microchip\xc8\v2.00\pic\include\pic16f877a.h"
   168                           TRISE equ 089h ;# 
   169  0089                     # 1620 "C:\Program Files (x86)\Microchip\xc8\v2.00\pic\include\pic16f877a.h"
   170                           PIE1 equ 08Ch ;# 
   171  008C                     # 1682 "C:\Program Files (x86)\Microchip\xc8\v2.00\pic\include\pic16f877a.h"
   172                           PIE2 equ 08Dh ;# 
   173  008D                     # 1722 "C:\Program Files (x86)\Microchip\xc8\v2.00\pic\include\pic16f877a.h"
   174                           PCON equ 08Eh ;# 
   175  008E                     # 1756 "C:\Program Files (x86)\Microchip\xc8\v2.00\pic\include\pic16f877a.h"
   176                           SSPCON2 equ 091h ;# 
   177  0091                     # 1818 "C:\Program Files (x86)\Microchip\xc8\v2.00\pic\include\pic16f877a.h"
   178                           PR2 equ 092h ;# 
   179  0092                     # 1825 "C:\Program Files (x86)\Microchip\xc8\v2.00\pic\include\pic16f877a.h"
   180                           SSPADD equ 093h ;# 
   181  0093                     # 1832 "C:\Program Files (x86)\Microchip\xc8\v2.00\pic\include\pic16f877a.h"
   182                           SSPSTAT equ 094h ;# 
   183  0094                     # 2001 "C:\Program Files (x86)\Microchip\xc8\v2.00\pic\include\pic16f877a.h"
   184                           TXSTA equ 098h ;# 
   185  0098                     # 2082 "C:\Program Files (x86)\Microchip\xc8\v2.00\pic\include\pic16f877a.h"
   186                           SPBRG equ 099h ;# 
   187  0099                     # 2089 "C:\Program Files (x86)\Microchip\xc8\v2.00\pic\include\pic16f877a.h"
   188                           CMCON equ 09Ch ;# 
   189  009C                     # 2159 "C:\Program Files (x86)\Microchip\xc8\v2.00\pic\include\pic16f877a.h"
   190                           CVRCON equ 09Dh ;# 
   191  009D                     # 2224 "C:\Program Files (x86)\Microchip\xc8\v2.00\pic\include\pic16f877a.h"
   192                           ADRESL equ 09Eh ;# 
   193  009E                     # 2231 "C:\Program Files (x86)\Microchip\xc8\v2.00\pic\include\pic16f877a.h"
   194                           ADCON1 equ 09Fh ;# 
   195  009F                     # 2290 "C:\Program Files (x86)\Microchip\xc8\v2.00\pic\include\pic16f877a.h"
   196                           EEDATA equ 010Ch ;# 
   197  010C                     # 2297 "C:\Program Files (x86)\Microchip\xc8\v2.00\pic\include\pic16f877a.h"
   198                           EEADR equ 010Dh ;# 
   199  010D                     # 2304 "C:\Program Files (x86)\Microchip\xc8\v2.00\pic\include\pic16f877a.h"
   200                           EEDATH equ 010Eh ;# 
   201  010E                     # 2311 "C:\Program Files (x86)\Microchip\xc8\v2.00\pic\include\pic16f877a.h"
   202                           EEADRH equ 010Fh ;# 
   203  010F                     # 2318 "C:\Program Files (x86)\Microchip\xc8\v2.00\pic\include\pic16f877a.h"
   204                           EECON1 equ 018Ch ;# 
   205  018C                     # 2363 "C:\Program Files (x86)\Microchip\xc8\v2.00\pic\include\pic16f877a.h"
   206                           EECON2 equ 018Dh ;# 
   207  018D                     # 54 "C:\Program Files (x86)\Microchip\xc8\v2.00\pic\include\pic16f877a.h"
   208                           INDF equ 00h ;# 
   209  0000                     # 61 "C:\Program Files (x86)\Microchip\xc8\v2.00\pic\include\pic16f877a.h"
   210                           TMR0 equ 01h ;# 
   211  0001                     # 68 "C:\Program Files (x86)\Microchip\xc8\v2.00\pic\include\pic16f877a.h"
   212                           PCL equ 02h ;# 
   213  0002                     # 75 "C:\Program Files (x86)\Microchip\xc8\v2.00\pic\include\pic16f877a.h"
   214                           STATUS equ 03h ;# 
   215  0003                     # 161 "C:\Program Files (x86)\Microchip\xc8\v2.00\pic\include\pic16f877a.h"
   216                           FSR equ 04h ;# 
   217  0004                     # 168 "C:\Program Files (x86)\Microchip\xc8\v2.00\pic\include\pic16f877a.h"
   218                           PORTA equ 05h ;# 
   219  0005                     # 218 "C:\Program Files (x86)\Microchip\xc8\v2.00\pic\include\pic16f877a.h"
   220                           PORTB equ 06h ;# 
   221  0006                     # 280 "C:\Program Files (x86)\Microchip\xc8\v2.00\pic\include\pic16f877a.h"
   222                           PORTC equ 07h ;# 
   223  0007                     # 342 "C:\Program Files (x86)\Microchip\xc8\v2.00\pic\include\pic16f877a.h"
   224                           PORTD equ 08h ;# 
   225  0008                     # 404 "C:\Program Files (x86)\Microchip\xc8\v2.00\pic\include\pic16f877a.h"
   226                           PORTE equ 09h ;# 
   227  0009                     # 436 "C:\Program Files (x86)\Microchip\xc8\v2.00\pic\include\pic16f877a.h"
   228                           PCLATH equ 0Ah ;# 
   229  000A                     # 456 "C:\Program Files (x86)\Microchip\xc8\v2.00\pic\include\pic16f877a.h"
   230                           INTCON equ 0Bh ;# 
   231  000B                     # 534 "C:\Program Files (x86)\Microchip\xc8\v2.00\pic\include\pic16f877a.h"
   232                           PIR1 equ 0Ch ;# 
   233  000C                     # 596 "C:\Program Files (x86)\Microchip\xc8\v2.00\pic\include\pic16f877a.h"
   234                           PIR2 equ 0Dh ;# 
   235  000D                     # 636 "C:\Program Files (x86)\Microchip\xc8\v2.00\pic\include\pic16f877a.h"
   236                           TMR1 equ 0Eh ;# 
   237  000E                     # 643 "C:\Program Files (x86)\Microchip\xc8\v2.00\pic\include\pic16f877a.h"
   238                           TMR1L equ 0Eh ;# 
   239  000E                     # 650 "C:\Program Files (x86)\Microchip\xc8\v2.00\pic\include\pic16f877a.h"
   240                           TMR1H equ 0Fh ;# 
   241  000F                     # 657 "C:\Program Files (x86)\Microchip\xc8\v2.00\pic\include\pic16f877a.h"
   242                           T1CON equ 010h ;# 
   243  0010                     # 732 "C:\Program Files (x86)\Microchip\xc8\v2.00\pic\include\pic16f877a.h"
   244                           TMR2 equ 011h ;# 
   245  0011                     # 739 "C:\Program Files (x86)\Microchip\xc8\v2.00\pic\include\pic16f877a.h"
   246                           T2CON equ 012h ;# 
   247  0012                     # 810 "C:\Program Files (x86)\Microchip\xc8\v2.00\pic\include\pic16f877a.h"
   248                           SSPBUF equ 013h ;# 
   249  0013                     # 817 "C:\Program Files (x86)\Microchip\xc8\v2.00\pic\include\pic16f877a.h"
   250                           SSPCON equ 014h ;# 
   251  0014                     # 887 "C:\Program Files (x86)\Microchip\xc8\v2.00\pic\include\pic16f877a.h"
   252                           CCPR1 equ 015h ;# 
   253  0015                     # 894 "C:\Program Files (x86)\Microchip\xc8\v2.00\pic\include\pic16f877a.h"
   254                           CCPR1L equ 015h ;# 
   255  0015                     # 901 "C:\Program Files (x86)\Microchip\xc8\v2.00\pic\include\pic16f877a.h"
   256                           CCPR1H equ 016h ;# 
   257  0016                     # 908 "C:\Program Files (x86)\Microchip\xc8\v2.00\pic\include\pic16f877a.h"
   258                           CCP1CON equ 017h ;# 
   259  0017                     # 966 "C:\Program Files (x86)\Microchip\xc8\v2.00\pic\include\pic16f877a.h"
   260                           RCSTA equ 018h ;# 
   261  0018                     # 1061 "C:\Program Files (x86)\Microchip\xc8\v2.00\pic\include\pic16f877a.h"
   262                           TXREG equ 019h ;# 
   263  0019                     # 1068 "C:\Program Files (x86)\Microchip\xc8\v2.00\pic\include\pic16f877a.h"
   264                           RCREG equ 01Ah ;# 
   265  001A                     # 1075 "C:\Program Files (x86)\Microchip\xc8\v2.00\pic\include\pic16f877a.h"
   266                           CCPR2 equ 01Bh ;# 
   267  001B                     # 1082 "C:\Program Files (x86)\Microchip\xc8\v2.00\pic\include\pic16f877a.h"
   268                           CCPR2L equ 01Bh ;# 
   269  001B                     # 1089 "C:\Program Files (x86)\Microchip\xc8\v2.00\pic\include\pic16f877a.h"
   270                           CCPR2H equ 01Ch ;# 
   271  001C                     # 1096 "C:\Program Files (x86)\Microchip\xc8\v2.00\pic\include\pic16f877a.h"
   272                           CCP2CON equ 01Dh ;# 
   273  001D                     # 1154 "C:\Program Files (x86)\Microchip\xc8\v2.00\pic\include\pic16f877a.h"
   274                           ADRESH equ 01Eh ;# 
   275  001E                     # 1161 "C:\Program Files (x86)\Microchip\xc8\v2.00\pic\include\pic16f877a.h"
   276                           ADCON0 equ 01Fh ;# 
   277  001F                     # 1257 "C:\Program Files (x86)\Microchip\xc8\v2.00\pic\include\pic16f877a.h"
   278                           OPTION_REG equ 081h ;# 
   279  0081                     # 1327 "C:\Program Files (x86)\Microchip\xc8\v2.00\pic\include\pic16f877a.h"
   280                           TRISA equ 085h ;# 
   281  0085                     # 1377 "C:\Program Files (x86)\Microchip\xc8\v2.00\pic\include\pic16f877a.h"
   282                           TRISB equ 086h ;# 
   283  0086                     # 1439 "C:\Program Files (x86)\Microchip\xc8\v2.00\pic\include\pic16f877a.h"
   284                           TRISC equ 087h ;# 
   285  0087                     # 1501 "C:\Program Files (x86)\Microchip\xc8\v2.00\pic\include\pic16f877a.h"
   286                           TRISD equ 088h ;# 
   287  0088                     # 1563 "C:\Program Files (x86)\Microchip\xc8\v2.00\pic\include\pic16f877a.h"
   288                           TRISE equ 089h ;# 
   289  0089                     # 1620 "C:\Program Files (x86)\Microchip\xc8\v2.00\pic\include\pic16f877a.h"
   290                           PIE1 equ 08Ch ;# 
   291  008C                     # 1682 "C:\Program Files (x86)\Microchip\xc8\v2.00\pic\include\pic16f877a.h"
   292                           PIE2 equ 08Dh ;# 
   293  008D                     # 1722 "C:\Program Files (x86)\Microchip\xc8\v2.00\pic\include\pic16f877a.h"
   294                           PCON equ 08Eh ;# 
   295  008E                     # 1756 "C:\Program Files (x86)\Microchip\xc8\v2.00\pic\include\pic16f877a.h"
   296                           SSPCON2 equ 091h ;# 
   297  0091                     # 1818 "C:\Program Files (x86)\Microchip\xc8\v2.00\pic\include\pic16f877a.h"
   298                           PR2 equ 092h ;# 
   299  0092                     # 1825 "C:\Program Files (x86)\Microchip\xc8\v2.00\pic\include\pic16f877a.h"
   300                           SSPADD equ 093h ;# 
   301  0093                     # 1832 "C:\Program Files (x86)\Microchip\xc8\v2.00\pic\include\pic16f877a.h"
   302                           SSPSTAT equ 094h ;# 
   303  0094                     # 2001 "C:\Program Files (x86)\Microchip\xc8\v2.00\pic\include\pic16f877a.h"
   304                           TXSTA equ 098h ;# 
   305  0098                     # 2082 "C:\Program Files (x86)\Microchip\xc8\v2.00\pic\include\pic16f877a.h"
   306                           SPBRG equ 099h ;# 
   307  0099                     # 2089 "C:\Program Files (x86)\Microchip\xc8\v2.00\pic\include\pic16f877a.h"
   308                           CMCON equ 09Ch ;# 
   309  009C                     # 2159 "C:\Program Files (x86)\Microchip\xc8\v2.00\pic\include\pic16f877a.h"
   310                           CVRCON equ 09Dh ;# 
   311  009D                     # 2224 "C:\Program Files (x86)\Microchip\xc8\v2.00\pic\include\pic16f877a.h"
   312                           ADRESL equ 09Eh ;# 
   313  009E                     # 2231 "C:\Program Files (x86)\Microchip\xc8\v2.00\pic\include\pic16f877a.h"
   314                           ADCON1 equ 09Fh ;# 
   315  009F                     # 2290 "C:\Program Files (x86)\Microchip\xc8\v2.00\pic\include\pic16f877a.h"
   316                           EEDATA equ 010Ch ;# 
   317  010C                     # 2297 "C:\Program Files (x86)\Microchip\xc8\v2.00\pic\include\pic16f877a.h"
   318                           EEADR equ 010Dh ;# 
   319  010D                     # 2304 "C:\Program Files (x86)\Microchip\xc8\v2.00\pic\include\pic16f877a.h"
   320                           EEDATH equ 010Eh ;# 
   321  010E                     # 2311 "C:\Program Files (x86)\Microchip\xc8\v2.00\pic\include\pic16f877a.h"
   322                           EEADRH equ 010Fh ;# 
   323  010F                     # 2318 "C:\Program Files (x86)\Microchip\xc8\v2.00\pic\include\pic16f877a.h"
   324                           EECON1 equ 018Ch ;# 
   325  018C                     # 2363 "C:\Program Files (x86)\Microchip\xc8\v2.00\pic\include\pic16f877a.h"
   326                           EECON2 equ 018Dh ;# 
   327  018D                     # 54 "C:\Program Files (x86)\Microchip\xc8\v2.00\pic\include\pic16f877a.h"
   328                           INDF equ 00h ;# 
   329  0000                     # 61 "C:\Program Files (x86)\Microchip\xc8\v2.00\pic\include\pic16f877a.h"
   330                           TMR0 equ 01h ;# 
   331  0001                     # 68 "C:\Program Files (x86)\Microchip\xc8\v2.00\pic\include\pic16f877a.h"
   332                           PCL equ 02h ;# 
   333  0002                     # 75 "C:\Program Files (x86)\Microchip\xc8\v2.00\pic\include\pic16f877a.h"
   334                           STATUS equ 03h ;# 
   335  0003                     # 161 "C:\Program Files (x86)\Microchip\xc8\v2.00\pic\include\pic16f877a.h"
   336                           FSR equ 04h ;# 
   337  0004                     # 168 "C:\Program Files (x86)\Microchip\xc8\v2.00\pic\include\pic16f877a.h"
   338                           PORTA equ 05h ;# 
   339  0005                     # 218 "C:\Program Files (x86)\Microchip\xc8\v2.00\pic\include\pic16f877a.h"
   340                           PORTB equ 06h ;# 
   341  0006                     # 280 "C:\Program Files (x86)\Microchip\xc8\v2.00\pic\include\pic16f877a.h"
   342                           PORTC equ 07h ;# 
   343  0007                     # 342 "C:\Program Files (x86)\Microchip\xc8\v2.00\pic\include\pic16f877a.h"
   344                           PORTD equ 08h ;# 
   345  0008                     # 404 "C:\Program Files (x86)\Microchip\xc8\v2.00\pic\include\pic16f877a.h"
   346                           PORTE equ 09h ;# 
   347  0009                     # 436 "C:\Program Files (x86)\Microchip\xc8\v2.00\pic\include\pic16f877a.h"
   348                           PCLATH equ 0Ah ;# 
   349  000A                     # 456 "C:\Program Files (x86)\Microchip\xc8\v2.00\pic\include\pic16f877a.h"
   350                           INTCON equ 0Bh ;# 
   351  000B                     # 534 "C:\Program Files (x86)\Microchip\xc8\v2.00\pic\include\pic16f877a.h"
   352                           PIR1 equ 0Ch ;# 
   353  000C                     # 596 "C:\Program Files (x86)\Microchip\xc8\v2.00\pic\include\pic16f877a.h"
   354                           PIR2 equ 0Dh ;# 
   355  000D                     # 636 "C:\Program Files (x86)\Microchip\xc8\v2.00\pic\include\pic16f877a.h"
   356                           TMR1 equ 0Eh ;# 
   357  000E                     # 643 "C:\Program Files (x86)\Microchip\xc8\v2.00\pic\include\pic16f877a.h"
   358                           TMR1L equ 0Eh ;# 
   359  000E                     # 650 "C:\Program Files (x86)\Microchip\xc8\v2.00\pic\include\pic16f877a.h"
   360                           TMR1H equ 0Fh ;# 
   361  000F                     # 657 "C:\Program Files (x86)\Microchip\xc8\v2.00\pic\include\pic16f877a.h"
   362                           T1CON equ 010h ;# 
   363  0010                     # 732 "C:\Program Files (x86)\Microchip\xc8\v2.00\pic\include\pic16f877a.h"
   364                           TMR2 equ 011h ;# 
   365  0011                     # 739 "C:\Program Files (x86)\Microchip\xc8\v2.00\pic\include\pic16f877a.h"
   366                           T2CON equ 012h ;# 
   367  0012                     # 810 "C:\Program Files (x86)\Microchip\xc8\v2.00\pic\include\pic16f877a.h"
   368                           SSPBUF equ 013h ;# 
   369  0013                     # 817 "C:\Program Files (x86)\Microchip\xc8\v2.00\pic\include\pic16f877a.h"
   370                           SSPCON equ 014h ;# 
   371  0014                     # 887 "C:\Program Files (x86)\Microchip\xc8\v2.00\pic\include\pic16f877a.h"
   372                           CCPR1 equ 015h ;# 
   373  0015                     # 894 "C:\Program Files (x86)\Microchip\xc8\v2.00\pic\include\pic16f877a.h"
   374                           CCPR1L equ 015h ;# 
   375  0015                     # 901 "C:\Program Files (x86)\Microchip\xc8\v2.00\pic\include\pic16f877a.h"
   376                           CCPR1H equ 016h ;# 
   377  0016                     # 908 "C:\Program Files (x86)\Microchip\xc8\v2.00\pic\include\pic16f877a.h"
   378                           CCP1CON equ 017h ;# 
   379  0017                     # 966 "C:\Program Files (x86)\Microchip\xc8\v2.00\pic\include\pic16f877a.h"
   380                           RCSTA equ 018h ;# 
   381  0018                     # 1061 "C:\Program Files (x86)\Microchip\xc8\v2.00\pic\include\pic16f877a.h"
   382                           TXREG equ 019h ;# 
   383  0019                     # 1068 "C:\Program Files (x86)\Microchip\xc8\v2.00\pic\include\pic16f877a.h"
   384                           RCREG equ 01Ah ;# 
   385  001A                     # 1075 "C:\Program Files (x86)\Microchip\xc8\v2.00\pic\include\pic16f877a.h"
   386                           CCPR2 equ 01Bh ;# 
   387  001B                     # 1082 "C:\Program Files (x86)\Microchip\xc8\v2.00\pic\include\pic16f877a.h"
   388                           CCPR2L equ 01Bh ;# 
   389  001B                     # 1089 "C:\Program Files (x86)\Microchip\xc8\v2.00\pic\include\pic16f877a.h"
   390                           CCPR2H equ 01Ch ;# 
   391  001C                     # 1096 "C:\Program Files (x86)\Microchip\xc8\v2.00\pic\include\pic16f877a.h"
   392                           CCP2CON equ 01Dh ;# 
   393  001D                     # 1154 "C:\Program Files (x86)\Microchip\xc8\v2.00\pic\include\pic16f877a.h"
   394                           ADRESH equ 01Eh ;# 
   395  001E                     # 1161 "C:\Program Files (x86)\Microchip\xc8\v2.00\pic\include\pic16f877a.h"
   396                           ADCON0 equ 01Fh ;# 
   397  001F                     # 1257 "C:\Program Files (x86)\Microchip\xc8\v2.00\pic\include\pic16f877a.h"
   398                           OPTION_REG equ 081h ;# 
   399  0081                     # 1327 "C:\Program Files (x86)\Microchip\xc8\v2.00\pic\include\pic16f877a.h"
   400                           TRISA equ 085h ;# 
   401  0085                     # 1377 "C:\Program Files (x86)\Microchip\xc8\v2.00\pic\include\pic16f877a.h"
   402                           TRISB equ 086h ;# 
   403  0086                     # 1439 "C:\Program Files (x86)\Microchip\xc8\v2.00\pic\include\pic16f877a.h"
   404                           TRISC equ 087h ;# 
   405  0087                     # 1501 "C:\Program Files (x86)\Microchip\xc8\v2.00\pic\include\pic16f877a.h"
   406                           TRISD equ 088h ;# 
   407  0088                     # 1563 "C:\Program Files (x86)\Microchip\xc8\v2.00\pic\include\pic16f877a.h"
   408                           TRISE equ 089h ;# 
   409  0089                     # 1620 "C:\Program Files (x86)\Microchip\xc8\v2.00\pic\include\pic16f877a.h"
   410                           PIE1 equ 08Ch ;# 
   411  008C                     # 1682 "C:\Program Files (x86)\Microchip\xc8\v2.00\pic\include\pic16f877a.h"
   412                           PIE2 equ 08Dh ;# 
   413  008D                     # 1722 "C:\Program Files (x86)\Microchip\xc8\v2.00\pic\include\pic16f877a.h"
   414                           PCON equ 08Eh ;# 
   415  008E                     # 1756 "C:\Program Files (x86)\Microchip\xc8\v2.00\pic\include\pic16f877a.h"
   416                           SSPCON2 equ 091h ;# 
   417  0091                     # 1818 "C:\Program Files (x86)\Microchip\xc8\v2.00\pic\include\pic16f877a.h"
   418                           PR2 equ 092h ;# 
   419  0092                     # 1825 "C:\Program Files (x86)\Microchip\xc8\v2.00\pic\include\pic16f877a.h"
   420                           SSPADD equ 093h ;# 
   421  0093                     # 1832 "C:\Program Files (x86)\Microchip\xc8\v2.00\pic\include\pic16f877a.h"
   422                           SSPSTAT equ 094h ;# 
   423  0094                     # 2001 "C:\Program Files (x86)\Microchip\xc8\v2.00\pic\include\pic16f877a.h"
   424                           TXSTA equ 098h ;# 
   425  0098                     # 2082 "C:\Program Files (x86)\Microchip\xc8\v2.00\pic\include\pic16f877a.h"
   426                           SPBRG equ 099h ;# 
   427  0099                     # 2089 "C:\Program Files (x86)\Microchip\xc8\v2.00\pic\include\pic16f877a.h"
   428                           CMCON equ 09Ch ;# 
   429  009C                     # 2159 "C:\Program Files (x86)\Microchip\xc8\v2.00\pic\include\pic16f877a.h"
   430                           CVRCON equ 09Dh ;# 
   431  009D                     # 2224 "C:\Program Files (x86)\Microchip\xc8\v2.00\pic\include\pic16f877a.h"
   432                           ADRESL equ 09Eh ;# 
   433  009E                     # 2231 "C:\Program Files (x86)\Microchip\xc8\v2.00\pic\include\pic16f877a.h"
   434                           ADCON1 equ 09Fh ;# 
   435  009F                     # 2290 "C:\Program Files (x86)\Microchip\xc8\v2.00\pic\include\pic16f877a.h"
   436                           EEDATA equ 010Ch ;# 
   437  010C                     # 2297 "C:\Program Files (x86)\Microchip\xc8\v2.00\pic\include\pic16f877a.h"
   438                           EEADR equ 010Dh ;# 
   439  010D                     # 2304 "C:\Program Files (x86)\Microchip\xc8\v2.00\pic\include\pic16f877a.h"
   440                           EEDATH equ 010Eh ;# 
   441  010E                     # 2311 "C:\Program Files (x86)\Microchip\xc8\v2.00\pic\include\pic16f877a.h"
   442                           EEADRH equ 010Fh ;# 
   443  010F                     # 2318 "C:\Program Files (x86)\Microchip\xc8\v2.00\pic\include\pic16f877a.h"
   444                           EECON1 equ 018Ch ;# 
   445  018C                     # 2363 "C:\Program Files (x86)\Microchip\xc8\v2.00\pic\include\pic16f877a.h"
   446                           EECON2 equ 018Dh ;# 
   447  018D                     # 54 "C:\Program Files (x86)\Microchip\xc8\v2.00\pic\include\pic16f877a.h"
   448                           INDF equ 00h ;# 
   449  0000                     # 61 "C:\Program Files (x86)\Microchip\xc8\v2.00\pic\include\pic16f877a.h"
   450                           TMR0 equ 01h ;# 
   451  0001                     # 68 "C:\Program Files (x86)\Microchip\xc8\v2.00\pic\include\pic16f877a.h"
   452                           PCL equ 02h ;# 
   453  0002                     # 75 "C:\Program Files (x86)\Microchip\xc8\v2.00\pic\include\pic16f877a.h"
   454                           STATUS equ 03h ;# 
   455  0003                     # 161 "C:\Program Files (x86)\Microchip\xc8\v2.00\pic\include\pic16f877a.h"
   456                           FSR equ 04h ;# 
   457  0004                     # 168 "C:\Program Files (x86)\Microchip\xc8\v2.00\pic\include\pic16f877a.h"
   458                           PORTA equ 05h ;# 
   459  0005                     # 218 "C:\Program Files (x86)\Microchip\xc8\v2.00\pic\include\pic16f877a.h"
   460                           PORTB equ 06h ;# 
   461  0006                     # 280 "C:\Program Files (x86)\Microchip\xc8\v2.00\pic\include\pic16f877a.h"
   462                           PORTC equ 07h ;# 
   463  0007                     # 342 "C:\Program Files (x86)\Microchip\xc8\v2.00\pic\include\pic16f877a.h"
   464                           PORTD equ 08h ;# 
   465  0008                     # 404 "C:\Program Files (x86)\Microchip\xc8\v2.00\pic\include\pic16f877a.h"
   466                           PORTE equ 09h ;# 
   467  0009                     # 436 "C:\Program Files (x86)\Microchip\xc8\v2.00\pic\include\pic16f877a.h"
   468                           PCLATH equ 0Ah ;# 
   469  000A                     # 456 "C:\Program Files (x86)\Microchip\xc8\v2.00\pic\include\pic16f877a.h"
   470                           INTCON equ 0Bh ;# 
   471  000B                     # 534 "C:\Program Files (x86)\Microchip\xc8\v2.00\pic\include\pic16f877a.h"
   472                           PIR1 equ 0Ch ;# 
   473  000C                     # 596 "C:\Program Files (x86)\Microchip\xc8\v2.00\pic\include\pic16f877a.h"
   474                           PIR2 equ 0Dh ;# 
   475  000D                     # 636 "C:\Program Files (x86)\Microchip\xc8\v2.00\pic\include\pic16f877a.h"
   476                           TMR1 equ 0Eh ;# 
   477  000E                     # 643 "C:\Program Files (x86)\Microchip\xc8\v2.00\pic\include\pic16f877a.h"
   478                           TMR1L equ 0Eh ;# 
   479  000E                     # 650 "C:\Program Files (x86)\Microchip\xc8\v2.00\pic\include\pic16f877a.h"
   480                           TMR1H equ 0Fh ;# 
   481  000F                     # 657 "C:\Program Files (x86)\Microchip\xc8\v2.00\pic\include\pic16f877a.h"
   482                           T1CON equ 010h ;# 
   483  0010                     # 732 "C:\Program Files (x86)\Microchip\xc8\v2.00\pic\include\pic16f877a.h"
   484                           TMR2 equ 011h ;# 
   485  0011                     # 739 "C:\Program Files (x86)\Microchip\xc8\v2.00\pic\include\pic16f877a.h"
   486                           T2CON equ 012h ;# 
   487  0012                     # 810 "C:\Program Files (x86)\Microchip\xc8\v2.00\pic\include\pic16f877a.h"
   488                           SSPBUF equ 013h ;# 
   489  0013                     # 817 "C:\Program Files (x86)\Microchip\xc8\v2.00\pic\include\pic16f877a.h"
   490                           SSPCON equ 014h ;# 
   491  0014                     # 887 "C:\Program Files (x86)\Microchip\xc8\v2.00\pic\include\pic16f877a.h"
   492                           CCPR1 equ 015h ;# 
   493  0015                     # 894 "C:\Program Files (x86)\Microchip\xc8\v2.00\pic\include\pic16f877a.h"
   494                           CCPR1L equ 015h ;# 
   495  0015                     # 901 "C:\Program Files (x86)\Microchip\xc8\v2.00\pic\include\pic16f877a.h"
   496                           CCPR1H equ 016h ;# 
   497  0016                     # 908 "C:\Program Files (x86)\Microchip\xc8\v2.00\pic\include\pic16f877a.h"
   498                           CCP1CON equ 017h ;# 
   499  0017                     # 966 "C:\Program Files (x86)\Microchip\xc8\v2.00\pic\include\pic16f877a.h"
   500                           RCSTA equ 018h ;# 
   501  0018                     # 1061 "C:\Program Files (x86)\Microchip\xc8\v2.00\pic\include\pic16f877a.h"
   502                           TXREG equ 019h ;# 
   503  0019                     # 1068 "C:\Program Files (x86)\Microchip\xc8\v2.00\pic\include\pic16f877a.h"
   504                           RCREG equ 01Ah ;# 
   505  001A                     # 1075 "C:\Program Files (x86)\Microchip\xc8\v2.00\pic\include\pic16f877a.h"
   506                           CCPR2 equ 01Bh ;# 
   507  001B                     # 1082 "C:\Program Files (x86)\Microchip\xc8\v2.00\pic\include\pic16f877a.h"
   508                           CCPR2L equ 01Bh ;# 
   509  001B                     # 1089 "C:\Program Files (x86)\Microchip\xc8\v2.00\pic\include\pic16f877a.h"
   510                           CCPR2H equ 01Ch ;# 
   511  001C                     # 1096 "C:\Program Files (x86)\Microchip\xc8\v2.00\pic\include\pic16f877a.h"
   512                           CCP2CON equ 01Dh ;# 
   513  001D                     # 1154 "C:\Program Files (x86)\Microchip\xc8\v2.00\pic\include\pic16f877a.h"
   514                           ADRESH equ 01Eh ;# 
   515  001E                     # 1161 "C:\Program Files (x86)\Microchip\xc8\v2.00\pic\include\pic16f877a.h"
   516                           ADCON0 equ 01Fh ;# 
   517  001F                     # 1257 "C:\Program Files (x86)\Microchip\xc8\v2.00\pic\include\pic16f877a.h"
   518                           OPTION_REG equ 081h ;# 
   519  0081                     # 1327 "C:\Program Files (x86)\Microchip\xc8\v2.00\pic\include\pic16f877a.h"
   520                           TRISA equ 085h ;# 
   521  0085                     # 1377 "C:\Program Files (x86)\Microchip\xc8\v2.00\pic\include\pic16f877a.h"
   522                           TRISB equ 086h ;# 
   523  0086                     # 1439 "C:\Program Files (x86)\Microchip\xc8\v2.00\pic\include\pic16f877a.h"
   524                           TRISC equ 087h ;# 
   525  0087                     # 1501 "C:\Program Files (x86)\Microchip\xc8\v2.00\pic\include\pic16f877a.h"
   526                           TRISD equ 088h ;# 
   527  0088                     # 1563 "C:\Program Files (x86)\Microchip\xc8\v2.00\pic\include\pic16f877a.h"
   528                           TRISE equ 089h ;# 
   529  0089                     # 1620 "C:\Program Files (x86)\Microchip\xc8\v2.00\pic\include\pic16f877a.h"
   530                           PIE1 equ 08Ch ;# 
   531  008C                     # 1682 "C:\Program Files (x86)\Microchip\xc8\v2.00\pic\include\pic16f877a.h"
   532                           PIE2 equ 08Dh ;# 
   533  008D                     # 1722 "C:\Program Files (x86)\Microchip\xc8\v2.00\pic\include\pic16f877a.h"
   534                           PCON equ 08Eh ;# 
   535  008E                     # 1756 "C:\Program Files (x86)\Microchip\xc8\v2.00\pic\include\pic16f877a.h"
   536                           SSPCON2 equ 091h ;# 
   537  0091                     # 1818 "C:\Program Files (x86)\Microchip\xc8\v2.00\pic\include\pic16f877a.h"
   538                           PR2 equ 092h ;# 
   539  0092                     # 1825 "C:\Program Files (x86)\Microchip\xc8\v2.00\pic\include\pic16f877a.h"
   540                           SSPADD equ 093h ;# 
   541  0093                     # 1832 "C:\Program Files (x86)\Microchip\xc8\v2.00\pic\include\pic16f877a.h"
   542                           SSPSTAT equ 094h ;# 
   543  0094                     # 2001 "C:\Program Files (x86)\Microchip\xc8\v2.00\pic\include\pic16f877a.h"
   544                           TXSTA equ 098h ;# 
   545  0098                     # 2082 "C:\Program Files (x86)\Microchip\xc8\v2.00\pic\include\pic16f877a.h"
   546                           SPBRG equ 099h ;# 
   547  0099                     # 2089 "C:\Program Files (x86)\Microchip\xc8\v2.00\pic\include\pic16f877a.h"
   548                           CMCON equ 09Ch ;# 
   549  009C                     # 2159 "C:\Program Files (x86)\Microchip\xc8\v2.00\pic\include\pic16f877a.h"
   550                           CVRCON equ 09Dh ;# 
   551  009D                     # 2224 "C:\Program Files (x86)\Microchip\xc8\v2.00\pic\include\pic16f877a.h"
   552                           ADRESL equ 09Eh ;# 
   553  009E                     # 2231 "C:\Program Files (x86)\Microchip\xc8\v2.00\pic\include\pic16f877a.h"
   554                           ADCON1 equ 09Fh ;# 
   555  009F                     # 2290 "C:\Program Files (x86)\Microchip\xc8\v2.00\pic\include\pic16f877a.h"
   556                           EEDATA equ 010Ch ;# 
   557  010C                     # 2297 "C:\Program Files (x86)\Microchip\xc8\v2.00\pic\include\pic16f877a.h"
   558                           EEADR equ 010Dh ;# 
   559  010D                     # 2304 "C:\Program Files (x86)\Microchip\xc8\v2.00\pic\include\pic16f877a.h"
   560                           EEDATH equ 010Eh ;# 
   561  010E                     # 2311 "C:\Program Files (x86)\Microchip\xc8\v2.00\pic\include\pic16f877a.h"
   562                           EEADRH equ 010Fh ;# 
   563  010F                     # 2318 "C:\Program Files (x86)\Microchip\xc8\v2.00\pic\include\pic16f877a.h"
   564                           EECON1 equ 018Ch ;# 
   565  018C                     # 2363 "C:\Program Files (x86)\Microchip\xc8\v2.00\pic\include\pic16f877a.h"
   566                           EECON2 equ 018Dh ;# 
   567  018D                     # 54 "C:\Program Files (x86)\Microchip\xc8\v2.00\pic\include\pic16f877a.h"
   568                           INDF equ 00h ;# 
   569  0000                     # 61 "C:\Program Files (x86)\Microchip\xc8\v2.00\pic\include\pic16f877a.h"
   570                           TMR0 equ 01h ;# 
   571  0001                     # 68 "C:\Program Files (x86)\Microchip\xc8\v2.00\pic\include\pic16f877a.h"
   572                           PCL equ 02h ;# 
   573  0002                     # 75 "C:\Program Files (x86)\Microchip\xc8\v2.00\pic\include\pic16f877a.h"
   574                           STATUS equ 03h ;# 
   575  0003                     # 161 "C:\Program Files (x86)\Microchip\xc8\v2.00\pic\include\pic16f877a.h"
   576                           FSR equ 04h ;# 
   577  0004                     # 168 "C:\Program Files (x86)\Microchip\xc8\v2.00\pic\include\pic16f877a.h"
   578                           PORTA equ 05h ;# 
   579  0005                     # 218 "C:\Program Files (x86)\Microchip\xc8\v2.00\pic\include\pic16f877a.h"
   580                           PORTB equ 06h ;# 
   581  0006                     # 280 "C:\Program Files (x86)\Microchip\xc8\v2.00\pic\include\pic16f877a.h"
   582                           PORTC equ 07h ;# 
   583  0007                     # 342 "C:\Program Files (x86)\Microchip\xc8\v2.00\pic\include\pic16f877a.h"
   584                           PORTD equ 08h ;# 
   585  0008                     # 404 "C:\Program Files (x86)\Microchip\xc8\v2.00\pic\include\pic16f877a.h"
   586                           PORTE equ 09h ;# 
   587  0009                     # 436 "C:\Program Files (x86)\Microchip\xc8\v2.00\pic\include\pic16f877a.h"
   588                           PCLATH equ 0Ah ;# 
   589  000A                     # 456 "C:\Program Files (x86)\Microchip\xc8\v2.00\pic\include\pic16f877a.h"
   590                           INTCON equ 0Bh ;# 
   591  000B                     # 534 "C:\Program Files (x86)\Microchip\xc8\v2.00\pic\include\pic16f877a.h"
   592                           PIR1 equ 0Ch ;# 
   593  000C                     # 596 "C:\Program Files (x86)\Microchip\xc8\v2.00\pic\include\pic16f877a.h"
   594                           PIR2 equ 0Dh ;# 
   595  000D                     # 636 "C:\Program Files (x86)\Microchip\xc8\v2.00\pic\include\pic16f877a.h"
   596                           TMR1 equ 0Eh ;# 
   597  000E                     # 643 "C:\Program Files (x86)\Microchip\xc8\v2.00\pic\include\pic16f877a.h"
   598                           TMR1L equ 0Eh ;# 
   599  000E                     # 650 "C:\Program Files (x86)\Microchip\xc8\v2.00\pic\include\pic16f877a.h"
   600                           TMR1H equ 0Fh ;# 
   601  000F                     # 657 "C:\Program Files (x86)\Microchip\xc8\v2.00\pic\include\pic16f877a.h"
   602                           T1CON equ 010h ;# 
   603  0010                     # 732 "C:\Program Files (x86)\Microchip\xc8\v2.00\pic\include\pic16f877a.h"
   604                           TMR2 equ 011h ;# 
   605  0011                     # 739 "C:\Program Files (x86)\Microchip\xc8\v2.00\pic\include\pic16f877a.h"
   606                           T2CON equ 012h ;# 
   607  0012                     # 810 "C:\Program Files (x86)\Microchip\xc8\v2.00\pic\include\pic16f877a.h"
   608                           SSPBUF equ 013h ;# 
   609  0013                     # 817 "C:\Program Files (x86)\Microchip\xc8\v2.00\pic\include\pic16f877a.h"
   610                           SSPCON equ 014h ;# 
   611  0014                     # 887 "C:\Program Files (x86)\Microchip\xc8\v2.00\pic\include\pic16f877a.h"
   612                           CCPR1 equ 015h ;# 
   613  0015                     # 894 "C:\Program Files (x86)\Microchip\xc8\v2.00\pic\include\pic16f877a.h"
   614                           CCPR1L equ 015h ;# 
   615  0015                     # 901 "C:\Program Files (x86)\Microchip\xc8\v2.00\pic\include\pic16f877a.h"
   616                           CCPR1H equ 016h ;# 
   617  0016                     # 908 "C:\Program Files (x86)\Microchip\xc8\v2.00\pic\include\pic16f877a.h"
   618                           CCP1CON equ 017h ;# 
   619  0017                     # 966 "C:\Program Files (x86)\Microchip\xc8\v2.00\pic\include\pic16f877a.h"
   620                           RCSTA equ 018h ;# 
   621  0018                     # 1061 "C:\Program Files (x86)\Microchip\xc8\v2.00\pic\include\pic16f877a.h"
   622                           TXREG equ 019h ;# 
   623  0019                     # 1068 "C:\Program Files (x86)\Microchip\xc8\v2.00\pic\include\pic16f877a.h"
   624                           RCREG equ 01Ah ;# 
   625  001A                     # 1075 "C:\Program Files (x86)\Microchip\xc8\v2.00\pic\include\pic16f877a.h"
   626                           CCPR2 equ 01Bh ;# 
   627  001B                     # 1082 "C:\Program Files (x86)\Microchip\xc8\v2.00\pic\include\pic16f877a.h"
   628                           CCPR2L equ 01Bh ;# 
   629  001B                     # 1089 "C:\Program Files (x86)\Microchip\xc8\v2.00\pic\include\pic16f877a.h"
   630                           CCPR2H equ 01Ch ;# 
   631  001C                     # 1096 "C:\Program Files (x86)\Microchip\xc8\v2.00\pic\include\pic16f877a.h"
   632                           CCP2CON equ 01Dh ;# 
   633  001D                     # 1154 "C:\Program Files (x86)\Microchip\xc8\v2.00\pic\include\pic16f877a.h"
   634                           ADRESH equ 01Eh ;# 
   635  001E                     # 1161 "C:\Program Files (x86)\Microchip\xc8\v2.00\pic\include\pic16f877a.h"
   636                           ADCON0 equ 01Fh ;# 
   637  001F                     # 1257 "C:\Program Files (x86)\Microchip\xc8\v2.00\pic\include\pic16f877a.h"
   638                           OPTION_REG equ 081h ;# 
   639  0081                     # 1327 "C:\Program Files (x86)\Microchip\xc8\v2.00\pic\include\pic16f877a.h"
   640                           TRISA equ 085h ;# 
   641  0085                     # 1377 "C:\Program Files (x86)\Microchip\xc8\v2.00\pic\include\pic16f877a.h"
   642                           TRISB equ 086h ;# 
   643  0086                     # 1439 "C:\Program Files (x86)\Microchip\xc8\v2.00\pic\include\pic16f877a.h"
   644                           TRISC equ 087h ;# 
   645  0087                     # 1501 "C:\Program Files (x86)\Microchip\xc8\v2.00\pic\include\pic16f877a.h"
   646                           TRISD equ 088h ;# 
   647  0088                     # 1563 "C:\Program Files (x86)\Microchip\xc8\v2.00\pic\include\pic16f877a.h"
   648                           TRISE equ 089h ;# 
   649  0089                     # 1620 "C:\Program Files (x86)\Microchip\xc8\v2.00\pic\include\pic16f877a.h"
   650                           PIE1 equ 08Ch ;# 
   651  008C                     # 1682 "C:\Program Files (x86)\Microchip\xc8\v2.00\pic\include\pic16f877a.h"
   652                           PIE2 equ 08Dh ;# 
   653  008D                     # 1722 "C:\Program Files (x86)\Microchip\xc8\v2.00\pic\include\pic16f877a.h"
   654                           PCON equ 08Eh ;# 
   655  008E                     # 1756 "C:\Program Files (x86)\Microchip\xc8\v2.00\pic\include\pic16f877a.h"
   656                           SSPCON2 equ 091h ;# 
   657  0091                     # 1818 "C:\Program Files (x86)\Microchip\xc8\v2.00\pic\include\pic16f877a.h"
   658                           PR2 equ 092h ;# 
   659  0092                     # 1825 "C:\Program Files (x86)\Microchip\xc8\v2.00\pic\include\pic16f877a.h"
   660                           SSPADD equ 093h ;# 
   661  0093                     # 1832 "C:\Program Files (x86)\Microchip\xc8\v2.00\pic\include\pic16f877a.h"
   662                           SSPSTAT equ 094h ;# 
   663  0094                     # 2001 "C:\Program Files (x86)\Microchip\xc8\v2.00\pic\include\pic16f877a.h"
   664                           TXSTA equ 098h ;# 
   665  0098                     # 2082 "C:\Program Files (x86)\Microchip\xc8\v2.00\pic\include\pic16f877a.h"
   666                           SPBRG equ 099h ;# 
   667  0099                     # 2089 "C:\Program Files (x86)\Microchip\xc8\v2.00\pic\include\pic16f877a.h"
   668                           CMCON equ 09Ch ;# 
   669  009C                     # 2159 "C:\Program Files (x86)\Microchip\xc8\v2.00\pic\include\pic16f877a.h"
   670                           CVRCON equ 09Dh ;# 
   671  009D                     # 2224 "C:\Program Files (x86)\Microchip\xc8\v2.00\pic\include\pic16f877a.h"
   672                           ADRESL equ 09Eh ;# 
   673  009E                     # 2231 "C:\Program Files (x86)\Microchip\xc8\v2.00\pic\include\pic16f877a.h"
   674                           ADCON1 equ 09Fh ;# 
   675  009F                     # 2290 "C:\Program Files (x86)\Microchip\xc8\v2.00\pic\include\pic16f877a.h"
   676                           EEDATA equ 010Ch ;# 
   677  010C                     # 2297 "C:\Program Files (x86)\Microchip\xc8\v2.00\pic\include\pic16f877a.h"
   678                           EEADR equ 010Dh ;# 
   679  010D                     # 2304 "C:\Program Files (x86)\Microchip\xc8\v2.00\pic\include\pic16f877a.h"
   680                           EEDATH equ 010Eh ;# 
   681  010E                     # 2311 "C:\Program Files (x86)\Microchip\xc8\v2.00\pic\include\pic16f877a.h"
   682                           EEADRH equ 010Fh ;# 
   683  010F                     # 2318 "C:\Program Files (x86)\Microchip\xc8\v2.00\pic\include\pic16f877a.h"
   684                           EECON1 equ 018Ch ;# 
   685  018C                     # 2363 "C:\Program Files (x86)\Microchip\xc8\v2.00\pic\include\pic16f877a.h"
   686                           EECON2 equ 018Dh ;# 
   687  018D                     # 54 "C:\Program Files (x86)\Microchip\xc8\v2.00\pic\include\pic16f877a.h"
   688                           INDF equ 00h ;# 
   689  0000                     # 61 "C:\Program Files (x86)\Microchip\xc8\v2.00\pic\include\pic16f877a.h"
   690                           TMR0 equ 01h ;# 
   691  0001                     # 68 "C:\Program Files (x86)\Microchip\xc8\v2.00\pic\include\pic16f877a.h"
   692                           PCL equ 02h ;# 
   693  0002                     # 75 "C:\Program Files (x86)\Microchip\xc8\v2.00\pic\include\pic16f877a.h"
   694                           STATUS equ 03h ;# 
   695  0003                     # 161 "C:\Program Files (x86)\Microchip\xc8\v2.00\pic\include\pic16f877a.h"
   696                           FSR equ 04h ;# 
   697  0004                     # 168 "C:\Program Files (x86)\Microchip\xc8\v2.00\pic\include\pic16f877a.h"
   698                           PORTA equ 05h ;# 
   699  0005                     # 218 "C:\Program Files (x86)\Microchip\xc8\v2.00\pic\include\pic16f877a.h"
   700                           PORTB equ 06h ;# 
   701  0006                     # 280 "C:\Program Files (x86)\Microchip\xc8\v2.00\pic\include\pic16f877a.h"
   702                           PORTC equ 07h ;# 
   703  0007                     # 342 "C:\Program Files (x86)\Microchip\xc8\v2.00\pic\include\pic16f877a.h"
   704                           PORTD equ 08h ;# 
   705  0008                     # 404 "C:\Program Files (x86)\Microchip\xc8\v2.00\pic\include\pic16f877a.h"
   706                           PORTE equ 09h ;# 
   707  0009                     # 436 "C:\Program Files (x86)\Microchip\xc8\v2.00\pic\include\pic16f877a.h"
   708                           PCLATH equ 0Ah ;# 
   709  000A                     # 456 "C:\Program Files (x86)\Microchip\xc8\v2.00\pic\include\pic16f877a.h"
   710                           INTCON equ 0Bh ;# 
   711  000B                     # 534 "C:\Program Files (x86)\Microchip\xc8\v2.00\pic\include\pic16f877a.h"
   712                           PIR1 equ 0Ch ;# 
   713  000C                     # 596 "C:\Program Files (x86)\Microchip\xc8\v2.00\pic\include\pic16f877a.h"
   714                           PIR2 equ 0Dh ;# 
   715  000D                     # 636 "C:\Program Files (x86)\Microchip\xc8\v2.00\pic\include\pic16f877a.h"
   716                           TMR1 equ 0Eh ;# 
   717  000E                     # 643 "C:\Program Files (x86)\Microchip\xc8\v2.00\pic\include\pic16f877a.h"
   718                           TMR1L equ 0Eh ;# 
   719  000E                     # 650 "C:\Program Files (x86)\Microchip\xc8\v2.00\pic\include\pic16f877a.h"
   720                           TMR1H equ 0Fh ;# 
   721  000F                     # 657 "C:\Program Files (x86)\Microchip\xc8\v2.00\pic\include\pic16f877a.h"
   722                           T1CON equ 010h ;# 
   723  0010                     # 732 "C:\Program Files (x86)\Microchip\xc8\v2.00\pic\include\pic16f877a.h"
   724                           TMR2 equ 011h ;# 
   725  0011                     # 739 "C:\Program Files (x86)\Microchip\xc8\v2.00\pic\include\pic16f877a.h"
   726                           T2CON equ 012h ;# 
   727  0012                     # 810 "C:\Program Files (x86)\Microchip\xc8\v2.00\pic\include\pic16f877a.h"
   728                           SSPBUF equ 013h ;# 
   729  0013                     # 817 "C:\Program Files (x86)\Microchip\xc8\v2.00\pic\include\pic16f877a.h"
   730                           SSPCON equ 014h ;# 
   731  0014                     # 887 "C:\Program Files (x86)\Microchip\xc8\v2.00\pic\include\pic16f877a.h"
   732                           CCPR1 equ 015h ;# 
   733  0015                     # 894 "C:\Program Files (x86)\Microchip\xc8\v2.00\pic\include\pic16f877a.h"
   734                           CCPR1L equ 015h ;# 
   735  0015                     # 901 "C:\Program Files (x86)\Microchip\xc8\v2.00\pic\include\pic16f877a.h"
   736                           CCPR1H equ 016h ;# 
   737  0016                     # 908 "C:\Program Files (x86)\Microchip\xc8\v2.00\pic\include\pic16f877a.h"
   738                           CCP1CON equ 017h ;# 
   739  0017                     # 966 "C:\Program Files (x86)\Microchip\xc8\v2.00\pic\include\pic16f877a.h"
   740                           RCSTA equ 018h ;# 
   741  0018                     # 1061 "C:\Program Files (x86)\Microchip\xc8\v2.00\pic\include\pic16f877a.h"
   742                           TXREG equ 019h ;# 
   743  0019                     # 1068 "C:\Program Files (x86)\Microchip\xc8\v2.00\pic\include\pic16f877a.h"
   744                           RCREG equ 01Ah ;# 
   745  001A                     # 1075 "C:\Program Files (x86)\Microchip\xc8\v2.00\pic\include\pic16f877a.h"
   746                           CCPR2 equ 01Bh ;# 
   747  001B                     # 1082 "C:\Program Files (x86)\Microchip\xc8\v2.00\pic\include\pic16f877a.h"
   748                           CCPR2L equ 01Bh ;# 
   749  001B                     # 1089 "C:\Program Files (x86)\Microchip\xc8\v2.00\pic\include\pic16f877a.h"
   750                           CCPR2H equ 01Ch ;# 
   751  001C                     # 1096 "C:\Program Files (x86)\Microchip\xc8\v2.00\pic\include\pic16f877a.h"
   752                           CCP2CON equ 01Dh ;# 
   753  001D                     # 1154 "C:\Program Files (x86)\Microchip\xc8\v2.00\pic\include\pic16f877a.h"
   754                           ADRESH equ 01Eh ;# 
   755  001E                     # 1161 "C:\Program Files (x86)\Microchip\xc8\v2.00\pic\include\pic16f877a.h"
   756                           ADCON0 equ 01Fh ;# 
   757  001F                     # 1257 "C:\Program Files (x86)\Microchip\xc8\v2.00\pic\include\pic16f877a.h"
   758                           OPTION_REG equ 081h ;# 
   759  0081                     # 1327 "C:\Program Files (x86)\Microchip\xc8\v2.00\pic\include\pic16f877a.h"
   760                           TRISA equ 085h ;# 
   761  0085                     # 1377 "C:\Program Files (x86)\Microchip\xc8\v2.00\pic\include\pic16f877a.h"
   762                           TRISB equ 086h ;# 
   763  0086                     # 1439 "C:\Program Files (x86)\Microchip\xc8\v2.00\pic\include\pic16f877a.h"
   764                           TRISC equ 087h ;# 
   765  0087                     # 1501 "C:\Program Files (x86)\Microchip\xc8\v2.00\pic\include\pic16f877a.h"
   766                           TRISD equ 088h ;# 
   767  0088                     # 1563 "C:\Program Files (x86)\Microchip\xc8\v2.00\pic\include\pic16f877a.h"
   768                           TRISE equ 089h ;# 
   769  0089                     # 1620 "C:\Program Files (x86)\Microchip\xc8\v2.00\pic\include\pic16f877a.h"
   770                           PIE1 equ 08Ch ;# 
   771  008C                     # 1682 "C:\Program Files (x86)\Microchip\xc8\v2.00\pic\include\pic16f877a.h"
   772                           PIE2 equ 08Dh ;# 
   773  008D                     # 1722 "C:\Program Files (x86)\Microchip\xc8\v2.00\pic\include\pic16f877a.h"
   774                           PCON equ 08Eh ;# 
   775  008E                     # 1756 "C:\Program Files (x86)\Microchip\xc8\v2.00\pic\include\pic16f877a.h"
   776                           SSPCON2 equ 091h ;# 
   777  0091                     # 1818 "C:\Program Files (x86)\Microchip\xc8\v2.00\pic\include\pic16f877a.h"
   778                           PR2 equ 092h ;# 
   779  0092                     # 1825 "C:\Program Files (x86)\Microchip\xc8\v2.00\pic\include\pic16f877a.h"
   780                           SSPADD equ 093h ;# 
   781  0093                     # 1832 "C:\Program Files (x86)\Microchip\xc8\v2.00\pic\include\pic16f877a.h"
   782                           SSPSTAT equ 094h ;# 
   783  0094                     # 2001 "C:\Program Files (x86)\Microchip\xc8\v2.00\pic\include\pic16f877a.h"
   784                           TXSTA equ 098h ;# 
   785  0098                     # 2082 "C:\Program Files (x86)\Microchip\xc8\v2.00\pic\include\pic16f877a.h"
   786                           SPBRG equ 099h ;# 
   787  0099                     # 2089 "C:\Program Files (x86)\Microchip\xc8\v2.00\pic\include\pic16f877a.h"
   788                           CMCON equ 09Ch ;# 
   789  009C                     # 2159 "C:\Program Files (x86)\Microchip\xc8\v2.00\pic\include\pic16f877a.h"
   790                           CVRCON equ 09Dh ;# 
   791  009D                     # 2224 "C:\Program Files (x86)\Microchip\xc8\v2.00\pic\include\pic16f877a.h"
   792                           ADRESL equ 09Eh ;# 
   793  009E                     # 2231 "C:\Program Files (x86)\Microchip\xc8\v2.00\pic\include\pic16f877a.h"
   794                           ADCON1 equ 09Fh ;# 
   795  009F                     # 2290 "C:\Program Files (x86)\Microchip\xc8\v2.00\pic\include\pic16f877a.h"
   796                           EEDATA equ 010Ch ;# 
   797  010C                     # 2297 "C:\Program Files (x86)\Microchip\xc8\v2.00\pic\include\pic16f877a.h"
   798                           EEADR equ 010Dh ;# 
   799  010D                     # 2304 "C:\Program Files (x86)\Microchip\xc8\v2.00\pic\include\pic16f877a.h"
   800                           EEDATH equ 010Eh ;# 
   801  010E                     # 2311 "C:\Program Files (x86)\Microchip\xc8\v2.00\pic\include\pic16f877a.h"
   802                           EEADRH equ 010Fh ;# 
   803  010F                     # 2318 "C:\Program Files (x86)\Microchip\xc8\v2.00\pic\include\pic16f877a.h"
   804                           EECON1 equ 018Ch ;# 
   805  018C                     # 2363 "C:\Program Files (x86)\Microchip\xc8\v2.00\pic\include\pic16f877a.h"
   806                           EECON2 equ 018Dh ;# 
   807  018D                     	FNCALL	_main,_ConfigureOscillator
   808                           	FNCALL	_main,_InitApp
   809                           	FNROOT	_main
   810                           	FNCALL	intlevel1,_isr
   811                           	global	intlevel1
   812                           	FNROOT	intlevel1
   813                           	global	_TRISE
   814                           _TRISE	set	0x89
   815  0089                     ; #config settings
   816                           global __CFG_FOSC$HS
   817                           __CFG_FOSC$HS equ 0x0
   818  0000                     global __CFG_WDTE$OFF
   819                           __CFG_WDTE$OFF equ 0x0
   820  0000                     global __CFG_PWRTE$ON
   821                           __CFG_PWRTE$ON equ 0x0
   822  0000                     global __CFG_BOREN$ON
   823                           __CFG_BOREN$ON equ 0x0
   824  0000                     global __CFG_LVP$OFF
   825                           __CFG_LVP$OFF equ 0x0
   826  0000                     global __CFG_CPD$OFF
   827                           __CFG_CPD$OFF equ 0x0
   828  0000                     global __CFG_WRT$OFF
   829                           __CFG_WRT$OFF equ 0x0
   830  0000                     global __CFG_CP$OFF
   831                           __CFG_CP$OFF equ 0x0
   832  0000                     	file	"C:\Users\Camille\AppData\Local\Temp\s5t4."
   833                           	line	#
   834                           psect cinit,class=CODE,delta=2
   835                           global start_initialization
   836                           start_initialization:
   837  000F                     
   838                           global __initialization
   839                           __initialization:
   840  000F                     psect cinit,class=CODE,delta=2,merge=1
   841                           global end_of_initialization,__end_of__initialization
   842                           
   843                           ;End of C runtime variable initialization code
   844                           
   845                           end_of_initialization:
   846  000F                     __end_of__initialization:
   847  000F                     clrf status
   848  000F  0183               ljmp _main	;jump to C main() function
   849  0010  120A  118A  2813   psect	cstackCOMMON,class=COMMON,space=1,noexec
   850                           global __pcstackCOMMON
   851                           __pcstackCOMMON:
   852  0070                     ?_ConfigureOscillator:	; 1 bytes @ 0x0
   853  0070                     ?_InitApp:	; 1 bytes @ 0x0
   854  0070                     ?_isr:	; 1 bytes @ 0x0
   855  0070                     ??_isr:	; 1 bytes @ 0x0
   856  0070                     ?_main:	; 1 bytes @ 0x0
   857  0070                     	ds	2
   858  0070                     ??_ConfigureOscillator:	; 1 bytes @ 0x2
   859  0072                     ??_InitApp:	; 1 bytes @ 0x2
   860  0072                     ??_main:	; 1 bytes @ 0x2
   861  0072                     ;!
   862                           ;!Data Sizes:
   863                           ;!    Strings     0
   864                           ;!    Constant    0
   865                           ;!    Data        0
   866                           ;!    BSS         0
   867                           ;!    Persistent  0
   868                           ;!    Stack       0
   869                           ;!
   870                           ;!Auto Spaces:
   871                           ;!    Space          Size  Autos    Used
   872                           ;!    COMMON           14      2       2
   873                           ;!    BANK0            80      0       0
   874                           ;!    BANK1            80      0       0
   875                           ;!    BANK3            96      0       0
   876                           ;!    BANK2            96      0       0
   877                           
   878                           ;!
   879                           ;!Pointer List with Targets:
   880                           ;!
   881                           ;!    None.
   882                           
   883                           
   884                           ;!
   885                           ;!Critical Paths under _main in COMMON
   886                           ;!
   887                           ;!    None.
   888                           ;!
   889                           ;!Critical Paths under _isr in COMMON
   890                           ;!
   891                           ;!    None.
   892                           ;!
   893                           ;!Critical Paths under _main in BANK0
   894                           ;!
   895                           ;!    None.
   896                           ;!
   897                           ;!Critical Paths under _isr in BANK0
   898                           ;!
   899                           ;!    None.
   900                           ;!
   901                           ;!Critical Paths under _main in BANK1
   902                           ;!
   903                           ;!    None.
   904                           ;!
   905                           ;!Critical Paths under _isr in BANK1
   906                           ;!
   907                           ;!    None.
   908                           ;!
   909                           ;!Critical Paths under _main in BANK3
   910                           ;!
   911                           ;!    None.
   912                           ;!
   913                           ;!Critical Paths under _isr in BANK3
   914                           ;!
   915                           ;!    None.
   916                           ;!
   917                           ;!Critical Paths under _main in BANK2
   918                           ;!
   919                           ;!    None.
   920                           ;!
   921                           ;!Critical Paths under _isr in BANK2
   922                           ;!
   923                           ;!    None.
   924                           
   925 ;;
   926 ;;Main: autosize = 0, tempsize = 0, incstack = 0, save=0
   927 ;;
   928                           
   929                           ;!
   930                           ;!Call Graph Tables:
   931                           ;!
   932                           ;! ---------------------------------------------------------------------------------
   933                           ;! (Depth) Function   	        Calls       Base Space   Used Autos Params    Refs
   934                           ;! ---------------------------------------------------------------------------------
   935                           ;! (0) _main                                                 0     0      0       0
   936                           ;!                _ConfigureOscillator
   937                           ;!                            _InitApp
   938                           ;! ---------------------------------------------------------------------------------
   939                           ;! (1) _InitApp                                              0     0      0       0
   940                           ;! ---------------------------------------------------------------------------------
   941                           ;! (1) _ConfigureOscillator                                  0     0      0       0
   942                           ;! ---------------------------------------------------------------------------------
   943                           ;! Estimated maximum stack depth 1
   944                           ;! ---------------------------------------------------------------------------------
   945                           ;! (Depth) Function   	        Calls       Base Space   Used Autos Params    Refs
   946                           ;! ---------------------------------------------------------------------------------
   947                           ;! (2) _isr                                                  2     2      0       0
   948                           ;!                                              0 COMMON     2     2      0
   949                           ;! ---------------------------------------------------------------------------------
   950                           ;! Estimated maximum stack depth 2
   951                           ;! ---------------------------------------------------------------------------------
   952                           ;!
   953                           ;! Call Graph Graphs:
   954                           ;!
   955                           ;! _main (ROOT)
   956                           ;!   _ConfigureOscillator
   957                           ;!   _InitApp
   958                           ;!
   959                           ;! _isr (ROOT)
   960                           ;!
   961                           
   962                           ;! Address spaces:
   963                           
   964                           ;!Name               Size   Autos  Total    Cost      Usage
   965                           ;!BITCOMMON            E      0       0       0        0.0%
   966                           ;!EEDATA             100      0       0       0        0.0%
   967                           ;!NULL                 0      0       0       0        0.0%
   968                           ;!CODE                 0      0       0       0        0.0%
   969                           ;!COMMON               E      2       2       1       14.3%
   970                           ;!BITSFR0              0      0       0       1        0.0%
   971                           ;!SFR0                 0      0       0       1        0.0%
   972                           ;!BITSFR1              0      0       0       2        0.0%
   973                           ;!SFR1                 0      0       0       2        0.0%
   974                           ;!STACK                0      0       0       2        0.0%
   975                           ;!ABS                  0      0       0       3        0.0%
   976                           ;!BITBANK0            50      0       0       4        0.0%
   977                           ;!BITSFR3              0      0       0       4        0.0%
   978                           ;!SFR3                 0      0       0       4        0.0%
   979                           ;!BANK0               50      0       0       5        0.0%
   980                           ;!BITSFR2              0      0       0       5        0.0%
   981                           ;!SFR2                 0      0       0       5        0.0%
   982                           ;!BITBANK1            50      0       0       6        0.0%
   983                           ;!BANK1               50      0       0       7        0.0%
   984                           ;!BITBANK3            60      0       0       8        0.0%
   985                           ;!BANK3               60      0       0       9        0.0%
   986                           ;!BITBANK2            60      0       0      10        0.0%
   987                           ;!BANK2               60      0       0      11        0.0%
   988                           ;!DATA                 0      0       0      12        0.0%
   989                           
   990                           	global	_main
   991                           
   992 ;; *************** function _main *****************
   993 ;; Defined at:
   994 ;;		line 26 in file "main.c"
   995 ;; Parameters:    Size  Location     Type
   996 ;;		None
   997 ;; Auto vars:     Size  Location     Type
   998 ;;		None
   999 ;; Return value:  Size  Location     Type
  1000 ;;                  1    wreg      void 
  1001 ;; Registers used:
  1002 ;;		wreg, status,2, status,0, pclath, cstack
  1003 ;; Tracked objects:
  1004 ;;		On entry : B00/0
  1005 ;;		On exit  : 0/0
  1006 ;;		Unchanged: 0/0
  1007 ;; Data sizes:     COMMON   BANK0   BANK1   BANK3   BANK2
  1008 ;;      Params:         0       0       0       0       0
  1009 ;;      Locals:         0       0       0       0       0
  1010 ;;      Temps:          0       0       0       0       0
  1011 ;;      Totals:         0       0       0       0       0
  1012 ;;Total ram usage:        0 bytes
  1013 ;; Hardware stack levels required when called:    2
  1014 ;; This function calls:
  1015 ;;		_ConfigureOscillator
  1016 ;;		_InitApp
  1017 ;; This function is called by:
  1018 ;;		Startup code after reset
  1019 ;; This function uses a non-reentrant model
  1020 ;;
  1021                           psect	maintext,global,class=CODE,delta=2,split=1,group=0
  1022                           	file	"main.c"
  1023                           	line	26
  1024                           global __pmaintext
  1025                           __pmaintext:	;psect for function _main
  1026  0013                     psect	maintext
  1027                           	file	"main.c"
  1028                           	line	26
  1029                           	global	__size_of_main
  1030                           	__size_of_main	equ	__end_of_main-_main
  1031  000E                     	
  1032                           _main:	
  1033  0013                     ;incstack = 0
  1034                           	opt	stack 6
  1035                           ; Regs used in _main: [wreg+status,2+status,0+pclath+cstack]
  1036                           	line	29
  1037                           	
  1038                           l603:	
  1039  0013                     ;main.c: 29:     ConfigureOscillator();
  1040                           	fcall	_ConfigureOscillator
  1041  0013  120A  118A  202D  120A  118A  	line	32
  1042                           	
  1043                           l605:	
  1044  0018                     ;main.c: 32:     InitApp();
  1045                           	fcall	_InitApp
  1046  0018  120A  118A  2028  120A  118A  	line	35
  1047                           ;main.c: 35:     while(1)
  1048                           	
  1049                           l14:	
  1050  001D                     	line	38
  1051                           ;main.c: 36:     {;main.c: 38:     }
  1052                           	
  1053                           l15:	
  1054  001D                     	goto	l14
  1055  001D  281D               	
  1056                           l16:	
  1057  001E                     	line	40
  1058                           	
  1059                           l17:	
  1060  001E                     	global	start
  1061                           	ljmp	start
  1062  001E  120A  118A  280C   	opt stack 0
  1063                           GLOBAL	__end_of_main
  1064                           	__end_of_main:
  1065  0021                     	signat	_main,89
  1066                           	global	_InitApp
  1067                           
  1068 ;; *************** function _InitApp *****************
  1069 ;; Defined at:
  1070 ;;		line 20 in file "user.c"
  1071 ;; Parameters:    Size  Location     Type
  1072 ;;		None
  1073 ;; Auto vars:     Size  Location     Type
  1074 ;;		None
  1075 ;; Return value:  Size  Location     Type
  1076 ;;                  1    wreg      void 
  1077 ;; Registers used:
  1078 ;;		wreg
  1079 ;; Tracked objects:
  1080 ;;		On entry : 0/0
  1081 ;;		On exit  : 0/0
  1082 ;;		Unchanged: 0/0
  1083 ;; Data sizes:     COMMON   BANK0   BANK1   BANK3   BANK2
  1084 ;;      Params:         0       0       0       0       0
  1085 ;;      Locals:         0       0       0       0       0
  1086 ;;      Temps:          0       0       0       0       0
  1087 ;;      Totals:         0       0       0       0       0
  1088 ;;Total ram usage:        0 bytes
  1089 ;; Hardware stack levels used:    1
  1090 ;; Hardware stack levels required when called:    1
  1091 ;; This function calls:
  1092 ;;		Nothing
  1093 ;; This function is called by:
  1094 ;;		_main
  1095 ;; This function uses a non-reentrant model
  1096 ;;
  1097                           psect	text1,local,class=CODE,delta=2,merge=1,group=0
  1098                           	file	"user.c"
  1099                           	line	20
  1100                           global __ptext1
  1101                           __ptext1:	;psect for function _InitApp
  1102  0028                     psect	text1
  1103                           	file	"user.c"
  1104                           	line	20
  1105                           	global	__size_of_InitApp
  1106                           	__size_of_InitApp	equ	__end_of_InitApp-_InitApp
  1107  0005                     	
  1108                           _InitApp:	
  1109  0028                     ;incstack = 0
  1110                           	opt	stack 6
  1111                           ; Regs used in _InitApp: [wreg]
  1112                           	line	26
  1113                           	
  1114                           l601:	
  1115  0028                     ;user.c: 26:     TRISE = 0x2;
  1116                           	movlw	low(02h)
  1117  0028  3002               	bsf	status, 5	;RP0=1, select bank1
  1118  0029  1683               	bcf	status, 6	;RP1=0, select bank1
  1119  002A  1303               	movwf	(137)^080h	;volatile
  1120  002B  0089               	line	32
  1121                           	
  1122                           l25:	
  1123  002C                     	return
  1124  002C  0008               	opt stack 0
  1125                           GLOBAL	__end_of_InitApp
  1126                           	__end_of_InitApp:
  1127  002D                     	signat	_InitApp,89
  1128                           	global	_ConfigureOscillator
  1129                           
  1130 ;; *************** function _ConfigureOscillator *****************
  1131 ;; Defined at:
  1132 ;;		line 15 in file "system.c"
  1133 ;; Parameters:    Size  Location     Type
  1134 ;;		None
  1135 ;; Auto vars:     Size  Location     Type
  1136 ;;		None
  1137 ;; Return value:  Size  Location     Type
  1138 ;;                  1    wreg      void 
  1139 ;; Registers used:
  1140 ;;		None
  1141 ;; Tracked objects:
  1142 ;;		On entry : 0/0
  1143 ;;		On exit  : 0/0
  1144 ;;		Unchanged: 0/0
  1145 ;; Data sizes:     COMMON   BANK0   BANK1   BANK3   BANK2
  1146 ;;      Params:         0       0       0       0       0
  1147 ;;      Locals:         0       0       0       0       0
  1148 ;;      Temps:          0       0       0       0       0
  1149 ;;      Totals:         0       0       0       0       0
  1150 ;;Total ram usage:        0 bytes
  1151 ;; Hardware stack levels used:    1
  1152 ;; Hardware stack levels required when called:    1
  1153 ;; This function calls:
  1154 ;;		Nothing
  1155 ;; This function is called by:
  1156 ;;		_main
  1157 ;; This function uses a non-reentrant model
  1158 ;;
  1159                           psect	text2,local,class=CODE,delta=2,merge=1,group=0
  1160                           	file	"system.c"
  1161                           	line	15
  1162                           global __ptext2
  1163                           __ptext2:	;psect for function _ConfigureOscillator
  1164  002D                     psect	text2
  1165                           	file	"system.c"
  1166                           	line	15
  1167                           	global	__size_of_ConfigureOscillator
  1168                           	__size_of_ConfigureOscillator	equ	__end_of_ConfigureOscillator-_ConfigureOscillator
  1169  0001                     	
  1170                           _ConfigureOscillator:	
  1171  002D                     ;incstack = 0
  1172                           	opt	stack 6
  1173                           ; Regs used in _ConfigureOscillator: []
  1174                           	line	22
  1175                           	
  1176                           l20:	
  1177  002D                     	return
  1178  002D  0008               	opt stack 0
  1179                           GLOBAL	__end_of_ConfigureOscillator
  1180                           	__end_of_ConfigureOscillator:
  1181  002E                     	signat	_ConfigureOscillator,89
  1182                           	global	_isr
  1183                           
  1184 ;; *************** function _isr *****************
  1185 ;; Defined at:
  1186 ;;		line 20 in file "interrupts.c"
  1187 ;; Parameters:    Size  Location     Type
  1188 ;;		None
  1189 ;; Auto vars:     Size  Location     Type
  1190 ;;		None
  1191 ;; Return value:  Size  Location     Type
  1192 ;;                  1    wreg      void 
  1193 ;; Registers used:
  1194 ;;		None
  1195 ;; Tracked objects:
  1196 ;;		On entry : 0/0
  1197 ;;		On exit  : 0/0
  1198 ;;		Unchanged: 0/0
  1199 ;; Data sizes:     COMMON   BANK0   BANK1   BANK3   BANK2
  1200 ;;      Params:         0       0       0       0       0
  1201 ;;      Locals:         0       0       0       0       0
  1202 ;;      Temps:          2       0       0       0       0
  1203 ;;      Totals:         2       0       0       0       0
  1204 ;;Total ram usage:        2 bytes
  1205 ;; Hardware stack levels used:    1
  1206 ;; This function calls:
  1207 ;;		Nothing
  1208 ;; This function is called by:
  1209 ;;		Interrupt level 1
  1210 ;; This function uses a non-reentrant model
  1211 ;;
  1212                           psect	text3,local,class=CODE,delta=2,merge=1,group=0
  1213                           	file	"interrupts.c"
  1214                           	line	20
  1215                           global __ptext3
  1216                           __ptext3:	;psect for function _isr
  1217  0021                     psect	text3
  1218                           	file	"interrupts.c"
  1219                           	line	20
  1220                           	global	__size_of_isr
  1221                           	__size_of_isr	equ	__end_of_isr-_isr
  1222  0007                     	
  1223                           _isr:	
  1224  0021                     ;incstack = 0
  1225                           	opt	stack 6
  1226                           ; Regs used in _isr: []
  1227                           psect	intentry,class=CODE,delta=2
  1228                           global __pintentry
  1229                           __pintentry:
  1230  0004                     global interrupt_function
  1231                           interrupt_function:
  1232  0004                     	global saved_w
  1233                           	saved_w	set	btemp+0
  1234  007E                     	movwf	saved_w
  1235  0004  00FE               	swapf	status,w
  1236  0005  0E03               	movwf	(??_isr+0)
  1237  0006  00F0               	movf	pclath,w
  1238  0007  080A               	movwf	(??_isr+1)
  1239  0008  00F1               	ljmp	_isr
  1240  0009  120A  118A  2821   psect	text3
  1241                           	line	47
  1242                           	
  1243                           i1l5:	
  1244  0021                     	movf	(??_isr+1),w
  1245  0021  0871               	movwf	pclath
  1246  0022  008A               	swapf	(??_isr+0)^0FFFFFF80h,w
  1247  0023  0E70               	movwf	status
  1248  0024  0083               	swapf	saved_w,f
  1249  0025  0EFE               	swapf	saved_w,w
  1250  0026  0E7E               	retfie
  1251  0027  0009               	opt stack 0
  1252                           GLOBAL	__end_of_isr
  1253                           	__end_of_isr:
  1254  0028                     	signat	_isr,89
  1255                           global	___latbits
  1256                           ___latbits	equ	2
  1257  0002                     	global	btemp
  1258                           	btemp set 07Eh
  1259  007E                     
  1260                           	DABS	1,126,2	;btemp
  1261                           	global	wtemp0
  1262                           	wtemp0 set btemp+0
  1263  007E                     	end


Data Sizes:
    Strings     0
    Constant    0
    Data        0
    BSS         0
    Persistent  0
    Stack       0

Auto Spaces:
    Space          Size  Autos    Used
    COMMON           14      2       2
    BANK0            80      0       0
    BANK1            80      0       0
    BANK3            96      0       0
    BANK2            96      0       0

Pointer List with Targets:

    None.

Critical Paths under _main in COMMON

    None.

Critical Paths under _isr in COMMON

    None.

Critical Paths under _main in BANK0

    None.

Critical Paths under _isr in BANK0

    None.

Critical Paths under _main in BANK1

    None.

Critical Paths under _isr in BANK1

    None.

Critical Paths under _main in BANK3

    None.

Critical Paths under _isr in BANK3

    None.

Critical Paths under _main in BANK2

    None.

Critical Paths under _isr in BANK2

    None.

Call Graph Tables:

 ---------------------------------------------------------------------------------
 (Depth) Function   	        Calls       Base Space   Used Autos Params    Refs
 ---------------------------------------------------------------------------------
 (0) _main                                                 0     0      0       0
                _ConfigureOscillator
                            _InitApp
 ---------------------------------------------------------------------------------
 (1) _InitApp                                              0     0      0       0
 ---------------------------------------------------------------------------------
 (1) _ConfigureOscillator                                  0     0      0       0
 ---------------------------------------------------------------------------------
 Estimated maximum stack depth 1
 ---------------------------------------------------------------------------------
 (Depth) Function   	        Calls       Base Space   Used Autos Params    Refs
 ---------------------------------------------------------------------------------
 (2) _isr                                                  2     2      0       0
                                              0 COMMON     2     2      0
 ---------------------------------------------------------------------------------
 Estimated maximum stack depth 2
 ---------------------------------------------------------------------------------

 Call Graph Graphs:

 _main (ROOT)
   _ConfigureOscillator
   _InitApp

 _isr (ROOT)

 Address spaces:
Name               Size   Autos  Total    Cost      Usage
BITCOMMON            E      0       0       0        0.0%
EEDATA             100      0       0       0        0.0%
NULL                 0      0       0       0        0.0%
CODE                 0      0       0       0        0.0%
COMMON               E      2       2       1       14.3%
BITSFR0              0      0       0       1        0.0%
SFR0                 0      0       0       1        0.0%
BITSFR1              0      0       0       2        0.0%
SFR1                 0      0       0       2        0.0%
STACK                0      0       0       2        0.0%
ABS                  0      0       0       3        0.0%
BITBANK0            50      0       0       4        0.0%
BITSFR3              0      0       0       4        0.0%
SFR3                 0      0       0       4        0.0%
BANK0               50      0       0       5        0.0%
BITSFR2              0      0       0       5        0.0%
SFR2                 0      0       0       5        0.0%
BITBANK1            50      0       0       6        0.0%
BANK1               50      0       0       7        0.0%
BITBANK3            60      0       0       8        0.0%
BANK3               60      0       0       9        0.0%
BITBANK2            60      0       0      10        0.0%
BANK2               60      0       0      11        0.0%
DATA                 0      0       0      12        0.0%


Microchip Technology PIC Macro Assembler V2.00 build -1524193055 
Symbol Table                                                                                   Mon Jul 23 16:39:40 2018

                 __CFG_CP$OFF 0000                            l20 002D                            l14 001D  
                          l15 001D                            l16 001E                            l25 002C  
                          l17 001E                           l601 0028                           l603 0013  
                         l605 0018                  __CFG_CPD$OFF 0000                           i1l5 0021  
                         _isr 0021                  __CFG_FOSC$HS 0000                  __CFG_LVP$OFF 0000  
                        ?_isr 0070                  __CFG_WRT$OFF 0000                          _main 0013  
                        btemp 007E                 __CFG_BOREN$ON 0000                          start 000C  
             __end_of_InitApp 002D                         ??_isr 0070                         ?_main 0070  
               __CFG_WDTE$OFF 0000                         _TRISE 0089           _ConfigureOscillator 002D  
               __CFG_PWRTE$ON 0000                         pclath 000A                         status 0003  
                       wtemp0 007E          ?_ConfigureOscillator 0070               __initialization 000F  
                __end_of_main 0021                        ??_main 0072                     ??_InitApp 0072  
       ??_ConfigureOscillator 0072                        saved_w 007E       __end_of__initialization 000F  
              __pcstackCOMMON 0070                    __pmaintext 0013                    __pintentry 0004  
                     _InitApp 0028                       __ptext1 0028                       __ptext2 002D  
                     __ptext3 0021                  __size_of_isr 0007          end_of_initialization 000F  
 __end_of_ConfigureOscillator 002E           start_initialization 000F                   __end_of_isr 0028  
                   ___latbits 0002                      ?_InitApp 0070             interrupt_function 0004  
            __size_of_InitApp 0005                 __size_of_main 000E  __size_of_ConfigureOscillator 0001  
                    intlevel1 0000  
